[01:08:58] [WARNING] mysql_connect: no password specified
[01:09:02] [ERROR] CConnection::CConnection - establishing connection to MySQL database failed: #2002 'Can't connect to MySQL server on 'localhost' (10061)'
[01:09:06] [ERROR] CConnection::CConnection - establishing connection to MySQL database failed: #2002 'Can't connect to MySQL server on 'localhost' (10061)'
[01:09:10] [ERROR] CConnection::CConnection - establishing connection to MySQL database failed: #2002 'Can't connect to MySQL server on 'localhost' (10061)'
[01:09:14] [ERROR] CConnection::CConnection - establishing connection to MySQL database failed: #2002 'Can't connect to MySQL server on 'localhost' (10061)'
[01:26:23] [WARNING] mysql_connect: no password specified
[01:28:15] [WARNING] mysql_connect: no password specified
[01:28:23] [WARNING] mysql_connect: no password specified
[01:40:41] [WARNING] mysql_connect: no password specified
[01:43:55] [WARNING] mysql_connect: no password specified
[01:48:32] [WARNING] mysql_connect: no password specified
[01:49:02] [ERROR] error #1146 while executing query "SELECT * FROM users WHERE Name = 'Ragnaroktest';": Table 'zonedm.users' doesn't exist
[01:49:45] [WARNING] mysql_connect: no password specified
[02:01:31] [WARNING] mysql_connect: no password specified
[02:02:09] [ERROR] error #1146 while executing query "SELECT * FROM users WHERE Name = 'Ragnarok2';": Table 'zonedm.users' doesn't exist
[02:02:29] [WARNING] mysql_connect: no password specified
[02:02:45] [ERROR] error #1146 while executing query "SELECT * FROM users WHERE Name = 'Ragnarok2';": Table 'zonedm.users' doesn't exist
[20:37:47] [WARNING] mysql_connect: no password specified
[20:38:26] [ERROR] cache_get_value_name_int: invalid row index '0' (number of rows: '0')
[20:38:31] [ERROR] error #1146 while executing query "INSERT INTO accounts (Name, Password, RegisteredIP) VALUES ('Ragnarok', '$2y$12$bSnJOTbKKEjSTkGvQFnnau4Df.L.0vjbEX/6AtWzkmoPlLLhfX1TK', '192.168.0.102');": Table 'zonedm2.accounts' doesn't exist
[20:47:44] [WARNING] mysql_connect: no password specified
[20:48:16] [ERROR] cache_get_value_name_int: invalid row index '0' (number of rows: '0')
[20:48:19] [ERROR] error #1064 while executing query "INSERT INTO accounts (Name, Password, RegisteredIP) VALUES('Ragnarok', '$2y$12$SVDsck3tXhHkbCL3SF/ubOiTV/M3jbS1zc4doQSZsvfj1SD8PD9Qy', '192.168.0.102'));": You have an error in your SQL syntax; check the manual that corresponds to your MariaDB server version for the right syntax to use near ')' at line 1
[20:49:50] [WARNING] mysql_connect: no password specified
[22:11:06] [WARNING] mysql_connect: no password specified
[22:13:28] [ERROR] cache_get_value_name_int: invalid row index '0' (number of rows: '0')
[22:13:33] [ERROR] error #1146 while executing query "INSERT INTO accounts (Name, Password, RegisteredIP) VALUES ('Ragnarok', '$2y$12$OUfzbkzVThPPXjjFOSKuPeL.9zD0JHVooMJEbB2W6P8iwvrRS1hz6', '192.168.0.102');": Table 'zonedm2.accounts' doesn't exist
